<?xml version="1.0" encoding="UTF-8"?>
<testng-results ignored="0" total="1" passed="1" failed="0" skipped="0">
  <reporter-output>
  </reporter-output>
  <suite started-at="2025-04-25T08:49:16 CDT" name="Default suite" finished-at="2025-04-25T08:51:19 CDT" duration-ms="122950">
    <groups>
      <group name="cucumber">
        <method signature="AbstractTestNGCucumberTests.runScenario(io.cucumber.testng.PickleWrapper,io.cucumber.testng.FeatureWrapper)[pri:0, instance:testRunner.TestRunner@54e81b21]" name="runScenario" class="io.cucumber.testng.AbstractTestNGCucumberTests"/>
      </group> <!-- cucumber -->
    </groups>
    <test started-at="2025-04-25T08:49:16 CDT" name="Default test" finished-at="2025-04-25T08:51:19 CDT" duration-ms="122950">
      <class name="testRunner.TestRunner">
        <test-method is-config="true" signature="setUpClass(org.testng.ITestContext)[pri:0, instance:testRunner.TestRunner@54e81b21]" started-at="2025-04-25T08:49:16 CDT" name="setUpClass" finished-at="2025-04-25T08:49:16 CDT" duration-ms="265" status="PASS">
          <params>
            <param index="0">
              <value>
                <![CDATA[org.testng.TestRunner@2db86a7c]]>
              </value>
            </param>
          </params>
          <reporter-output>
          </reporter-output>
        </test-method> <!-- setUpClass -->
        <test-method signature="runScenario(io.cucumber.testng.PickleWrapper,io.cucumber.testng.FeatureWrapper)[pri:0, instance:testRunner.TestRunner@54e81b21]" started-at="2025-04-25T08:49:16 CDT" name="runScenario" description="Runs Cucumber Scenarios" data-provider="scenarios" finished-at="2025-04-25T08:51:17 CDT" duration-ms="121051" status="PASS">
          <params>
            <param index="0">
              <value>
                <![CDATA["Verify the presence of subscribe option"]]>
              </value>
            </param>
            <param index="1">
              <value>
                <![CDATA["Subscribe functionality"]]>
              </value>
            </param>
          </params>
          <reporter-output>
          </reporter-output>
        </test-method> <!-- runScenario -->
        <test-method is-config="true" signature="tearDownClass()[pri:0, instance:testRunner.TestRunner@54e81b21]" started-at="2025-04-25T08:51:17 CDT" name="tearDownClass" finished-at="2025-04-25T08:51:18 CDT" duration-ms="1424" status="PASS">
          <reporter-output>
          </reporter-output>
        </test-method> <!-- tearDownClass -->
      </class> <!-- testRunner.TestRunner -->
    </test> <!-- Default test -->
  </suite> <!-- Default suite -->
</testng-results>
